{"logTime": "1126/193700", "correlationVector":"GnN2q751LglVP3fDZVvER8.1","action":"SyncServerConnectionManagerRequest", "result":"SYNC_SERVER_OK", "context":{"environment":"Prod_WestEurope_x00e", "migrationStage":"NotStarted", "server":"GENERAL0200000T"}}
{"logTime": "1126/193701", "correlationVector":"Blus8GZiGK62tkPen5lHoa","action":"SyncServerConnectionManagerRequest", "result":"SYNC_SERVER_OK", "context":{"environment":"", "migrationStage":"", "server":""}}
{"logTime": "1126/193701", "correlationVector":"GnN2q751LglVP3fDZVvER8","action":"Initial GetUpdates", "result":"", "context":Reason: NEW_CLIENT. cV=GnN2q751LglVP3fDZVvER8}
{"logTime": "1126/193701", "correlationVector":"GnN2q751LglVP3fDZVvER8.2","action":"GetUpdates Response", "result":"Success", "context":Received 1 update(s). cV=GnN2q751LglVP3fDZVvER8.0;server=GENERAL0200000T;cloudType=Consumer;environment=Prod_WestEurope_x00e;migrationStage=NotStarted}
{"logTime": "1126/193701", "correlationVector":"UOWUaStZH3056qjd/17kpc","action":"Initial GetUpdates", "result":"", "context":Reason: NEWLY_SUPPORTED_DATATYPE. cV=UOWUaStZH3056qjd/17kpc}
{"logTime": "1126/193701", "correlationVector":"UOWUaStZH3056qjd/17kpc.1","action":"SyncServerConnectionManagerRequest", "result":"SYNC_SERVER_OK", "context":{"environment":"Prod_WestEurope_x00e", "migrationStage":"NotStarted", "server":"GENERAL0200002G"}}
{"logTime": "1126/193701", "correlationVector":"UOWUaStZH3056qjd/17kpc.2","action":"GetUpdates Response", "result":"Success", "context":Received 34 update(s). cV=UOWUaStZH3056qjd/17kpc.0;server=GENERAL0200002G;cloudType=Consumer;environment=Prod_WestEurope_x00e;migrationStage=NotStarted}
{"logTime": "1126/193701", "correlationVector":"W3ik97NpWSnVOj6hTDbdrP","action":"Initial GetUpdates", "result":"", "context":Reason: NEWLY_SUPPORTED_DATATYPE. cV=W3ik97NpWSnVOj6hTDbdrP}
{"logTime": "1126/193701", "correlationVector":"W3ik97NpWSnVOj6hTDbdrP.1","action":"SyncServerConnectionManagerRequest", "result":"SYNC_SERVER_OK", "context":{"environment":"Prod_WestEurope_x00e", "migrationStage":"NotStarted", "server":"GENERAL0200002V"}}
{"logTime": "1126/193701", "correlationVector":"W3ik97NpWSnVOj6hTDbdrP.2","action":"GetUpdates Response", "result":"Success", "context":Received 5 update(s). cV=W3ik97NpWSnVOj6hTDbdrP.0;server=GENERAL0200002V;cloudType=Consumer;environment=Prod_WestEurope_x00e;migrationStage=NotStarted}
{"logTime": "1126/193701", "correlationVector":"5g2Q1zaRWU+3JfxfZJ+Qfg","action":"Initial GetUpdates", "result":"", "context":Reason: NEWLY_SUPPORTED_DATATYPE. cV=5g2Q1zaRWU+3JfxfZJ+Qfg}
{"logTime": "1126/193702", "correlationVector":"5g2Q1zaRWU+3JfxfZJ+Qfg.1","action":"SyncServerConnectionManagerRequest", "result":"SYNC_SERVER_OK", "context":{"environment":"Prod_WestEurope_x00e", "migrationStage":"NotStarted", "server":"GENERAL02000000"}}
{"logTime": "1126/193702", "correlationVector":"5g2Q1zaRWU+3JfxfZJ+Qfg.2","action":"GetUpdates", "result":"DeleteReceived", "context":{"id":"4377ed65-b2b4-4c7e-adcd-612dbe1d2924", "isDeleted:":"true", "version":"1732646132523"}}
{"logTime": "1126/193702", "correlationVector":"5g2Q1zaRWU+3JfxfZJ+Qfg.3","action":"GetUpdates Response", "result":"Success", "context":Received 14 update(s). cV=5g2Q1zaRWU+3JfxfZJ+Qfg.0;server=GENERAL02000000;cloudType=Consumer;environment=Prod_WestEurope_x00e;migrationStage=NotStarted}
{"logTime": "1126/193702", "correlationVector":"J1BSKDU6IQOXyYrTk2gZgB","action":"Normal GetUpdate request", "result":"", "context":cV=J1BSKDU6IQOXyYrTk2gZgB
Nudged types: Sessions, Device Info, User Consents
Refresh requested types: Bookmarks, Preferences, Passwords, Autofill Profiles, Autofill, Typed URLs, Extensions, Sessions, Extension settings, History Delete Directives, Device Info, User Consents, Send Tab To Self, Web Apps, Collection, Edge E Drop, Edge Hub App Usage, Edge Tab Group, Edge Wallet, Encryption Keys}
{"logTime": "1126/193702", "correlationVector":"J1BSKDU6IQOXyYrTk2gZgB.1","action":"SyncServerConnectionManagerRequest", "result":"SYNC_SERVER_OK", "context":{"environment":"Prod_WestEurope_x00e", "migrationStage":"NotStarted", "server":"GENERAL02000000"}}
{"logTime": "1126/193702", "correlationVector":"J1BSKDU6IQOXyYrTk2gZgB.2","action":"GetUpdates Response", "result":"Success", "context":Received 0 update(s). cV=J1BSKDU6IQOXyYrTk2gZgB.0;server=GENERAL02000000;cloudType=Consumer;environment=Prod_WestEurope_x00e;migrationStage=NotStarted}
{"logTime": "1126/193702", "correlationVector":"jrIr1Hbc7Wcpzdx1uD3Hh0","action":"DoCompareDataConsistency requsted types: ", "result":"Bookmarks, Preferences, Passwords, Typed URLs, Extensions, Extension settings, History Delete Directives, Send Tab To Self, Web Apps, Collection, Edge E Drop, Edge Tab Group, Edge Wallet, Encryption Keys"}
{"logTime": "1126/193702", "correlationVector":"jrIr1Hbc7Wcpzdx1uD3Hh0.0","action":"CompareDataConsistency result: ", "result":"Compare result: Encryption Keys is consistent. local entities count is: 1 local entities hash is: RK7J+6mQAh1n1Vm6qmGYyZm4i48="}
{"logTime": "1126/193702", "correlationVector":"jrIr1Hbc7Wcpzdx1uD3Hh0.1","action":"CompareDataConsistency result: ", "result":"Compare result: Bookmarks is consistent. local entities count is: 3 local entities hash is: 4134kVqsVSGPK+CXclnZUzo1rmA="}
{"logTime": "1126/193702", "correlationVector":"jrIr1Hbc7Wcpzdx1uD3Hh0.2","action":"CompareDataConsistency result: ", "result":"Compare result: Preferences is consistent. local entities count is: 30 local entities hash is: /aXNUMKLM+e3EDRv8+GRVBFNNiE="}
{"logTime": "1126/193702", "correlationVector":"jrIr1Hbc7Wcpzdx1uD3Hh0.3","action":"CompareDataConsistency result: ", "result":"Server did not send this Typed URLs local entities count is: 5 local entities hash is: 2Tq+kRQavYQTwclLODMigywt3nE="}
{"logTime": "1126/193702", "correlationVector":"jrIr1Hbc7Wcpzdx1uD3Hh0.4","action":"CompareDataConsistency result: ", "result":"Compare result: Extensions is consistent. local entities count is: 0 local entities hash is: "}
{"logTime": "1126/193702", "correlationVector":"jrIr1Hbc7Wcpzdx1uD3Hh0.5","action":"CompareDataConsistency result: ", "result":"Compare result: Extension settings is consistent. local entities count is: 0 local entities hash is: "}
{"logTime": "1126/193702", "correlationVector":"jrIr1Hbc7Wcpzdx1uD3Hh0.6","action":"CompareDataConsistency result: ", "result":"Compare result: History Delete Directives is consistent. local entities count is: 0 local entities hash is: "}
{"logTime": "1126/193702", "correlationVector":"jrIr1Hbc7Wcpzdx1uD3Hh0.7","action":"CompareDataConsistency result: ", "result":"Server did not send this Send Tab To Self local entities count is: 0 local entities hash is: "}
{"logTime": "1126/193702", "correlationVector":"jrIr1Hbc7Wcpzdx1uD3Hh0.8","action":"CompareDataConsistency result: ", "result":"Compare result: Web Apps is consistent. local entities count is: 0 local entities hash is: "}
{"logTime": "1126/193702", "correlationVector":"jrIr1Hbc7Wcpzdx1uD3Hh0.9","action":"CompareDataConsistency result: ", "result":"Compare result: Collection is consistent. local entities count is: 0 local entities hash is: "}
{"logTime": "1126/193702", "correlationVector":"jrIr1Hbc7Wcpzdx1uD3Hh0.10","action":"CompareDataConsistency result: ", "result":"Compare result: Edge E Drop is consistent. local entities count is: 0 local entities hash is: "}
{"logTime": "1126/193702", "correlationVector":"jrIr1Hbc7Wcpzdx1uD3Hh0.11","action":"CompareDataConsistency result: ", "result":"Compare result: Edge Tab Group is consistent. local entities count is: 0 local entities hash is: "}
{"logTime": "1126/193702", "correlationVector":"jrIr1Hbc7Wcpzdx1uD3Hh0.12","action":"CompareDataConsistency result: ", "result":"Compare result: Edge Wallet is consistent. local entities count is: 0 local entities hash is: "}
{"logTime": "1126/193702", "correlationVector":"jrIr1Hbc7Wcpzdx1uD3Hh0.13","action":"CompareDataConsistency result: ", "result":"Compare result: Passwords is consistent. local entities count is: 0 local entities hash is: "}
{"logTime": "1126/193702", "correlationVector":"piTN0cG6Oma9Nu3b7L4lFT","action":"Commit Request", "result":"", "context":Item count: 4
Contributing types: Sessions, Device Info, User Consents}
{"logTime": "1126/193702", "correlationVector":"piTN0cG6Oma9Nu3b7L4lFT.1","action":"SyncServerConnectionManagerRequest", "result":"SYNC_SERVER_OK", "context":{"environment":"Prod_WestEurope_000l", "migrationStage":"NotStarted", "server":"GENERAL0100001J"}}
{"logTime": "1126/193702", "correlationVector":"piTN0cG6Oma9Nu3b7L4lFT.2","action":"Commit Response", "result":"Success", "context":Result: Success. cV=piTN0cG6Oma9Nu3b7L4lFT.0;server=GENERAL0100001J;cloudType=Consumer;environment=Prod_WestEurope_000l;migrationStage=NotStarted}
{"logTime": "1126/193702", "correlationVector":"","action":"DIAGNOSTIC_REQUEST|v1/diagnosticData/Diagnostic.SendCheckResult()|SUCCESS", "result":""}
{"logTime": "1126/193703", "correlationVector":"8USKVzotrPtCG0t9r8PGr9","action":"Commit Request", "result":"", "context":Item count: 1
Contributing types: User Consents}
{"logTime": "1126/193703", "correlationVector":"8USKVzotrPtCG0t9r8PGr9.1","action":"SyncServerConnectionManagerRequest", "result":"SYNC_SERVER_OK", "context":{"environment":"Prod_WestEurope_x00e", "migrationStage":"NotStarted", "server":"GENERAL0200002J"}}
{"logTime": "1126/193703", "correlationVector":"8USKVzotrPtCG0t9r8PGr9.2","action":"Commit Response", "result":"Success", "context":Result: Success. cV=8USKVzotrPtCG0t9r8PGr9.0;server=GENERAL0200002J;cloudType=Consumer;environment=Prod_WestEurope_x00e;migrationStage=NotStarted}
{"logTime": "1126/193713", "correlationVector":"JqJWGA08vY1c3ykjN3JWZt","action":"Commit Request", "result":"", "context":Item count: 1
Contributing types: Edge Hub App Usage}
{"logTime": "1126/193714", "correlationVector":"JqJWGA08vY1c3ykjN3JWZt.1","action":"SyncServerConnectionManagerRequest", "result":"SYNC_SERVER_OK", "context":{"environment":"Prod_WestEurope_x00e", "migrationStage":"NotStarted", "server":"GENERAL02000004"}}
{"logTime": "1126/193714", "correlationVector":"JqJWGA08vY1c3ykjN3JWZt.2","action":"Commit Response", "result":"Success", "context":Result: Success. cV=JqJWGA08vY1c3ykjN3JWZt.0;server=GENERAL02000004;cloudType=Consumer;environment=Prod_WestEurope_x00e;migrationStage=NotStarted}
{"logTime": "1126/193750", "correlationVector":"uRlFME/D9pfu4s5sBxBlSS","action":"Commit Request", "result":"", "context":Item count: 1
Contributing types: Sessions}
{"logTime": "1126/193750", "correlationVector":"uRlFME/D9pfu4s5sBxBlSS.1","action":"SyncServerConnectionManagerRequest", "result":"SYNC_SERVER_OK", "context":{"environment":"Prod_WestEurope_000l", "migrationStage":"NotStarted", "server":"GENERAL01000017"}}
{"logTime": "1126/193750", "correlationVector":"uRlFME/D9pfu4s5sBxBlSS.2","action":"Commit Response", "result":"Success", "context":Result: Success. cV=uRlFME/D9pfu4s5sBxBlSS.0;server=GENERAL01000017;cloudType=Consumer;environment=Prod_WestEurope_000l;migrationStage=NotStarted}
{"logTime": "1126/194156", "correlationVector":"ejE3b71zKHmS36C4F5v0qT","action":"Normal GetUpdate request", "result":"", "context":cV=ejE3b71zKHmS36C4F5v0qT
Refresh requested types: Bookmarks, Preferences, Passwords, Autofill Profiles, Autofill, Typed URLs, Extensions, Sessions, Extension settings, History Delete Directives, Device Info, User Consents, Send Tab To Self, Web Apps, Collection, Edge E Drop, Edge Hub App Usage, Edge Tab Group, Edge Wallet, Encryption Keys}
{"logTime": "1126/194156", "correlationVector":"ejE3b71zKHmS36C4F5v0qT.1","action":"SyncServerConnectionManagerRequest", "result":"SYNC_SERVER_OK", "context":{"environment":"Prod_WestEurope_000l", "migrationStage":"NotStarted", "server":"GENERAL0100001N"}}
{"logTime": "1126/194156", "correlationVector":"ejE3b71zKHmS36C4F5v0qT.2","action":"GetUpdates Response", "result":"Success", "context":Received 4 update(s). cV=ejE3b71zKHmS36C4F5v0qT.0;server=GENERAL0100001N;cloudType=Consumer;environment=Prod_WestEurope_000l;migrationStage=NotStarted}
{"logTime": "1126/195202", "correlationVector":"UxAjSfTUbhopYk1+eLKB3a","action":"Commit Request", "result":"", "context":Item count: 1
Contributing types: Sessions}
{"logTime": "1126/195203", "correlationVector":"UxAjSfTUbhopYk1+eLKB3a.1","action":"SyncServerConnectionManagerRequest", "result":"SYNC_SERVER_OK", "context":{"environment":"Prod_WestEurope_000l", "migrationStage":"NotStarted", "server":"GENERAL01000005"}}
{"logTime": "1126/195203", "correlationVector":"UxAjSfTUbhopYk1+eLKB3a.2","action":"Commit Response", "result":"Success", "context":Result: Success. cV=UxAjSfTUbhopYk1+eLKB3a.0;server=GENERAL01000005;cloudType=Consumer;environment=Prod_WestEurope_000l;migrationStage=NotStarted}
{"logTime": "1126/200421", "correlationVector":"TkPBmr2Ofp2zAR34vmGmZt.1","action":"SyncServerConnectionManagerRequest", "result":"SYNC_SERVER_OK", "context":{"environment":"Prod_WestEurope_000l", "migrationStage":"NotStarted", "server":"GENERAL0100001I"}}
{"logTime": "1126/200421", "correlationVector":"BE4Qp7BYlwiLzYybA22g4d","action":"SyncServerConnectionManagerRequest", "result":"SYNC_SERVER_OK", "context":{"environment":"", "migrationStage":"", "server":""}}
{"logTime": "1126/200422", "correlationVector":"TkPBmr2Ofp2zAR34vmGmZt","action":"Initial GetUpdates", "result":"", "context":Reason: NEW_CLIENT. cV=TkPBmr2Ofp2zAR34vmGmZt}
{"logTime": "1126/200422", "correlationVector":"TkPBmr2Ofp2zAR34vmGmZt.2","action":"GetUpdates Response", "result":"Success", "context":Received 1 update(s). cV=TkPBmr2Ofp2zAR34vmGmZt.0;server=GENERAL0100001I;cloudType=Consumer;environment=Prod_WestEurope_000l;migrationStage=NotStarted}
{"logTime": "1126/200422", "correlationVector":"G7T9Xu5l7EJSildbNwVq/c","action":"Normal GetUpdate request", "result":"", "context":cV=G7T9Xu5l7EJSildbNwVq/c
Nudged types: Sessions, Device Info
Refresh requested types: Bookmarks, Preferences, Passwords, Autofill Profiles, Autofill, Typed URLs, Extensions, Sessions, Extension settings, History Delete Directives, Device Info, User Consents, Send Tab To Self, Web Apps, Collection, Edge E Drop, Edge Hub App Usage, Edge Tab Group, Edge Wallet, Encryption Keys}
{"logTime": "1126/200422", "correlationVector":"G7T9Xu5l7EJSildbNwVq/c.1","action":"SyncServerConnectionManagerRequest", "result":"SYNC_SERVER_OK", "context":{"environment":"Prod_WestEurope_x00e", "migrationStage":"NotStarted", "server":"GENERAL02000004"}}
{"logTime": "1126/200422", "correlationVector":"G7T9Xu5l7EJSildbNwVq/c.2","action":"GetUpdates Response", "result":"Success", "context":Received 1 update(s). cV=G7T9Xu5l7EJSildbNwVq/c.0;server=GENERAL02000004;cloudType=Consumer;environment=Prod_WestEurope_x00e;migrationStage=NotStarted}
{"logTime": "1126/200422", "correlationVector":"aGG3MlsvPcG21RGy8sudm3","action":"Commit Request", "result":"", "context":Item count: 4
Contributing types: Sessions, Device Info}
{"logTime": "1126/200422", "correlationVector":"aGG3MlsvPcG21RGy8sudm3.1","action":"SyncServerConnectionManagerRequest", "result":"SYNC_SERVER_OK", "context":{"environment":"Prod_WestEurope_x00e", "migrationStage":"NotStarted", "server":"GENERAL0200001M"}}
{"logTime": "1126/200422", "correlationVector":"aGG3MlsvPcG21RGy8sudm3.2","action":"Commit Response", "result":"Success", "context":Result: Success. cV=aGG3MlsvPcG21RGy8sudm3.0;server=GENERAL0200001M;cloudType=Consumer;environment=Prod_WestEurope_x00e;migrationStage=NotStarted}
{"logTime": "1126/200507", "correlationVector":"88u0Dl5Ir212s8wj18v+yz","action":"Commit Request", "result":"", "context":Item count: 2
Contributing types: Sessions}
{"logTime": "1126/200508", "correlationVector":"88u0Dl5Ir212s8wj18v+yz.1","action":"SyncServerConnectionManagerRequest", "result":"SYNC_SERVER_OK", "context":{"environment":"Prod_WestEurope_000l", "migrationStage":"NotStarted", "server":"GENERAL0100000X"}}
{"logTime": "1126/200508", "correlationVector":"88u0Dl5Ir212s8wj18v+yz.3","action":"Commit.Sessions", "result":"Success", "context":{"id":"c335a5f2-629c-4810-853c-82c523e9eb09", "isDeleted":"true", "size":"0", "version":"1732651461814"}}
{"logTime": "1126/200508", "correlationVector":"88u0Dl5Ir212s8wj18v+yz.2","action":"Commit Response", "result":"Success", "context":Result: Success. cV=88u0Dl5Ir212s8wj18v+yz.0;server=GENERAL0100000X;cloudType=Consumer;environment=Prod_WestEurope_000l;migrationStage=NotStarted}
{"logTime": "1126/200917", "correlationVector":"vZhJ8Ri//H9KfNuxZqsXvX","action":"Normal GetUpdate request", "result":"", "context":cV=vZhJ8Ri//H9KfNuxZqsXvX
Refresh requested types: Bookmarks, Preferences, Passwords, Autofill Profiles, Autofill, Typed URLs, Extensions, Sessions, Extension settings, History Delete Directives, Device Info, User Consents, Send Tab To Self, Web Apps, Collection, Edge E Drop, Edge Hub App Usage, Edge Tab Group, Edge Wallet, Encryption Keys}
{"logTime": "1126/200917", "correlationVector":"vZhJ8Ri//H9KfNuxZqsXvX.1","action":"SyncServerConnectionManagerRequest", "result":"SYNC_SERVER_OK", "context":{"environment":"Prod_WestEurope_x00e", "migrationStage":"NotStarted", "server":"GENERAL02000023"}}
{"logTime": "1126/200917", "correlationVector":"vZhJ8Ri//H9KfNuxZqsXvX.2","action":"GetUpdates", "result":"DeleteReceived", "context":{"id":"c335a5f2-629c-4810-853c-82c523e9eb09", "isDeleted:":"true", "version":"1732651507348"}}
{"logTime": "1126/200917", "correlationVector":"vZhJ8Ri//H9KfNuxZqsXvX.3","action":"GetUpdates Response", "result":"Success", "context":Received 4 update(s). cV=vZhJ8Ri//H9KfNuxZqsXvX.0;server=GENERAL02000023;cloudType=Consumer;environment=Prod_WestEurope_x00e;migrationStage=NotStarted}
{"logTime": "1127/214143", "correlationVector":"uAycjRTkGW3M2b/jFzOWxE.1","action":"SyncServerConnectionManagerRequest", "result":"SYNC_SERVER_OK", "context":{"environment":"Prod_WestEurope_000l", "migrationStage":"NotStarted", "server":"GENERAL01000018"}}
{"logTime": "1127/214144", "correlationVector":"kkb+JEYFx/uwm4Qse4iYv3","action":"SyncServerConnectionManagerRequest", "result":"SYNC_SERVER_OK", "context":{"environment":"", "migrationStage":"", "server":""}}
{"logTime": "1127/214144", "correlationVector":"uAycjRTkGW3M2b/jFzOWxE","action":"Initial GetUpdates", "result":"", "context":Reason: NEW_CLIENT. cV=uAycjRTkGW3M2b/jFzOWxE}
{"logTime": "1127/214144", "correlationVector":"uAycjRTkGW3M2b/jFzOWxE.2","action":"GetUpdates Response", "result":"Success", "context":Received 1 update(s). cV=uAycjRTkGW3M2b/jFzOWxE.0;server=GENERAL01000018;cloudType=Consumer;environment=Prod_WestEurope_000l;migrationStage=NotStarted}
{"logTime": "1127/214144", "correlationVector":"qYGev1onahXk5L4UMyElGT","action":"Normal GetUpdate request", "result":"", "context":cV=qYGev1onahXk5L4UMyElGT
Nudged types: Sessions, Device Info
Refresh requested types: Bookmarks, Preferences, Passwords, Autofill Profiles, Autofill, Typed URLs, Extensions, Sessions, Extension settings, History Delete Directives, Device Info, User Consents, Send Tab To Self, Web Apps, Collection, Edge E Drop, Edge Hub App Usage, Edge Tab Group, Edge Wallet, Encryption Keys}
{"logTime": "1127/214144", "correlationVector":"qYGev1onahXk5L4UMyElGT.1","action":"SyncServerConnectionManagerRequest", "result":"SYNC_SERVER_OK", "context":{"environment":"Prod_WestEurope_000l", "migrationStage":"NotStarted", "server":"GENERAL01000012"}}
{"logTime": "1127/214144", "correlationVector":"qYGev1onahXk5L4UMyElGT.2","action":"GetUpdates", "result":"DeleteReceived", "context":{"id":"dc7c3847-cf37-4453-8754-844b7067213d", "isDeleted:":"true", "version":"1732658242894"}}
{"logTime": "1127/214144", "correlationVector":"qYGev1onahXk5L4UMyElGT.3","action":"GetUpdates Response", "result":"Success", "context":Received 4 update(s). cV=qYGev1onahXk5L4UMyElGT.0;server=GENERAL01000012;cloudType=Consumer;environment=Prod_WestEurope_000l;migrationStage=NotStarted}
{"logTime": "1127/214145", "correlationVector":"I0gqdqP+Tpa2ZYcUG4p90G","action":"Poll GetUpdate request", "result":"", "context":cV=I0gqdqP+Tpa2ZYcUG4p90G}
{"logTime": "1127/214145", "correlationVector":"I0gqdqP+Tpa2ZYcUG4p90G.1","action":"SyncServerConnectionManagerRequest", "result":"SYNC_SERVER_OK", "context":{"environment":"Prod_WestEurope_000l", "migrationStage":"NotStarted", "server":"GENERAL0100000B"}}
{"logTime": "1127/214145", "correlationVector":"I0gqdqP+Tpa2ZYcUG4p90G.2","action":"GetUpdates Response", "result":"Success", "context":Received 0 update(s). cV=I0gqdqP+Tpa2ZYcUG4p90G.0;server=GENERAL0100000B;cloudType=Consumer;environment=Prod_WestEurope_000l;migrationStage=NotStarted}
{"logTime": "1127/214228", "correlationVector":"YfJgA5H9b2l898eT7ZPFTL","action":"Commit Request", "result":"", "context":Item count: 2
Contributing types: Sessions}
{"logTime": "1127/214228", "correlationVector":"YfJgA5H9b2l898eT7ZPFTL.1","action":"SyncServerConnectionManagerRequest", "result":"SYNC_SERVER_OK", "context":{"environment":"Prod_WestEurope_000l", "migrationStage":"NotStarted", "server":"GENERAL01000012"}}
{"logTime": "1127/214228", "correlationVector":"YfJgA5H9b2l898eT7ZPFTL.2","action":"Commit Response", "result":"Success", "context":Result: Success. cV=YfJgA5H9b2l898eT7ZPFTL.0;server=GENERAL01000012;cloudType=Consumer;environment=Prod_WestEurope_000l;migrationStage=NotStarted}
{"logTime": "1127/214605", "correlationVector":"CUHUajYtIbRY37vt4jmxrl.1","action":"SyncServerConnectionManagerRequest", "result":"SYNC_SERVER_OK", "context":{"environment":"Prod_WestEurope_000l", "migrationStage":"NotStarted", "server":"GENERAL01000011"}}
{"logTime": "1127/214606", "correlationVector":"mzeH3zu3TEBcf/G/rIQPz4","action":"SyncServerConnectionManagerRequest", "result":"SYNC_SERVER_OK", "context":{"environment":"", "migrationStage":"", "server":""}}
{"logTime": "1127/214606", "correlationVector":"CUHUajYtIbRY37vt4jmxrl","action":"Initial GetUpdates", "result":"", "context":Reason: NEW_CLIENT. cV=CUHUajYtIbRY37vt4jmxrl}
{"logTime": "1127/214606", "correlationVector":"CUHUajYtIbRY37vt4jmxrl.2","action":"GetUpdates Response", "result":"Success", "context":Received 1 update(s). cV=CUHUajYtIbRY37vt4jmxrl.0;server=GENERAL01000011;cloudType=Consumer;environment=Prod_WestEurope_000l;migrationStage=NotStarted}
{"logTime": "1127/214606", "correlationVector":"Pgw9wQPcB6/YZs/koQQAxD","action":"Normal GetUpdate request", "result":"", "context":cV=Pgw9wQPcB6/YZs/koQQAxD
Nudged types: Sessions, Device Info
Refresh requested types: Bookmarks, Preferences, Passwords, Autofill Profiles, Autofill, Typed URLs, Extensions, Sessions, Extension settings, History Delete Directives, Device Info, User Consents, Send Tab To Self, Web Apps, Collection, Edge E Drop, Edge Hub App Usage, Edge Tab Group, Edge Wallet, Encryption Keys}
{"logTime": "1127/214606", "correlationVector":"Pgw9wQPcB6/YZs/koQQAxD.1","action":"SyncServerConnectionManagerRequest", "result":"SYNC_SERVER_OK", "context":{"environment":"Prod_WestEurope_000l", "migrationStage":"NotStarted", "server":"GENERAL01000017"}}
{"logTime": "1127/214606", "correlationVector":"Pgw9wQPcB6/YZs/koQQAxD.2","action":"GetUpdates Response", "result":"Success", "context":Received 2 update(s). cV=Pgw9wQPcB6/YZs/koQQAxD.0;server=GENERAL01000017;cloudType=Consumer;environment=Prod_WestEurope_000l;migrationStage=NotStarted}
{"logTime": "1127/214607", "correlationVector":"wwrhIWGTFTy/ahniISU4D3","action":"Commit Request", "result":"", "context":Item count: 4
Contributing types: Sessions, Device Info}
{"logTime": "1127/214607", "correlationVector":"wwrhIWGTFTy/ahniISU4D3.1","action":"SyncServerConnectionManagerRequest", "result":"SYNC_SERVER_OK", "context":{"environment":"Prod_WestEurope_000l", "migrationStage":"NotStarted", "server":"GENERAL0100000Q"}}
{"logTime": "1127/214607", "correlationVector":"wwrhIWGTFTy/ahniISU4D3.3","action":"Commit.Sessions", "result":"Success", "context":{"id":"3159aaec-6aca-4f33-a5f0-5e6ecb5b5669", "isDeleted":"true", "size":"0", "version":"1732743748396"}}
{"logTime": "1127/214607", "correlationVector":"wwrhIWGTFTy/ahniISU4D3.2","action":"Commit Response", "result":"Success", "context":Result: Success. cV=wwrhIWGTFTy/ahniISU4D3.0;server=GENERAL0100000Q;cloudType=Consumer;environment=Prod_WestEurope_000l;migrationStage=NotStarted}
{"logTime": "1129/130913", "correlationVector":"MpwPcIYvp/zHdWdN4exfFT.1","action":"SyncServerConnectionManagerRequest", "result":"SYNC_SERVER_OK", "context":{"environment":"Prod_WestEurope_x00e", "migrationStage":"NotStarted", "server":"GENERAL0200002K"}}
{"logTime": "1129/130914", "correlationVector":"DIlvScORH75k7NZwXA4yhl","action":"SyncServerConnectionManagerRequest", "result":"SYNC_SERVER_OK", "context":{"environment":"", "migrationStage":"", "server":""}}
{"logTime": "1129/130914", "correlationVector":"MpwPcIYvp/zHdWdN4exfFT","action":"Initial GetUpdates", "result":"", "context":Reason: NEW_CLIENT. cV=MpwPcIYvp/zHdWdN4exfFT}
{"logTime": "1129/130914", "correlationVector":"MpwPcIYvp/zHdWdN4exfFT.2","action":"GetUpdates Response", "result":"Success", "context":Received 1 update(s). cV=MpwPcIYvp/zHdWdN4exfFT.0;server=GENERAL0200002K;cloudType=Consumer;environment=Prod_WestEurope_x00e;migrationStage=NotStarted}
{"logTime": "1129/130914", "correlationVector":"pNELjUOiNj/sSdpijssZbL","action":"Normal GetUpdate request", "result":"", "context":cV=pNELjUOiNj/sSdpijssZbL
Nudged types: Sessions, Device Info
Refresh requested types: Bookmarks, Preferences, Passwords, Autofill Profiles, Autofill, Typed URLs, Extensions, Sessions, Extension settings, History Delete Directives, Device Info, User Consents, Send Tab To Self, Web Apps, Collection, Edge E Drop, Edge Hub App Usage, Edge Tab Group, Edge Wallet, Encryption Keys}
{"logTime": "1129/130914", "correlationVector":"pNELjUOiNj/sSdpijssZbL.1","action":"SyncServerConnectionManagerRequest", "result":"SYNC_SERVER_OK", "context":{"environment":"Prod_WestEurope_000l", "migrationStage":"NotStarted", "server":"GENERAL0100001L"}}
{"logTime": "1129/130914", "correlationVector":"pNELjUOiNj/sSdpijssZbL.2","action":"GetUpdates", "result":"DeleteReceived", "context":{"id":"3159aaec-6aca-4f33-a5f0-5e6ecb5b5669", "isDeleted:":"true", "version":"1732743967561"}}
{"logTime": "1129/130914", "correlationVector":"pNELjUOiNj/sSdpijssZbL.3","action":"GetUpdates", "result":"DeleteReceived", "context":{"id":"7b081f01-53d8-4c3e-b612-c14b92f613dd", "isDeleted:":"true", "version":"1732885019823"}}
{"logTime": "1129/130914", "correlationVector":"pNELjUOiNj/sSdpijssZbL.4","action":"GetUpdates Response", "result":"Success", "context":Received 5 update(s). cV=pNELjUOiNj/sSdpijssZbL.0;server=GENERAL0100001L;cloudType=Consumer;environment=Prod_WestEurope_000l;migrationStage=NotStarted}
{"logTime": "1129/130914", "correlationVector":"o/TMQoVG8BpTsPnE9j9n9+","action":"Poll GetUpdate request", "result":"", "context":cV=o/TMQoVG8BpTsPnE9j9n9+}
{"logTime": "1129/130914", "correlationVector":"o/TMQoVG8BpTsPnE9j9n9+.1","action":"SyncServerConnectionManagerRequest", "result":"SYNC_SERVER_OK", "context":{"environment":"Prod_WestEurope_x00e", "migrationStage":"NotStarted", "server":"GENERAL0200002U"}}
{"logTime": "1129/130914", "correlationVector":"o/TMQoVG8BpTsPnE9j9n9+.2","action":"GetUpdates Response", "result":"Success", "context":Received 0 update(s). cV=o/TMQoVG8BpTsPnE9j9n9+.0;server=GENERAL0200002U;cloudType=Consumer;environment=Prod_WestEurope_x00e;migrationStage=NotStarted}
{"logTime": "1129/131004", "correlationVector":"4xneISnXEcBwBnvFy6GJ2X","action":"Commit Request", "result":"", "context":Item count: 2
Contributing types: Sessions}
{"logTime": "1129/131004", "correlationVector":"4xneISnXEcBwBnvFy6GJ2X.1","action":"SyncServerConnectionManagerRequest", "result":"SYNC_SERVER_OK", "context":{"environment":"Prod_NorthEurope_000h", "migrationStage":"NotStarted", "server":"GENERAL0100000U"}}
{"logTime": "1129/131004", "correlationVector":"4xneISnXEcBwBnvFy6GJ2X.2","action":"Commit Response", "result":"Success", "context":Result: Success. cV=4xneISnXEcBwBnvFy6GJ2X.0;server=GENERAL0100000U;cloudType=Consumer;environment=Prod_NorthEurope_000h;migrationStage=NotStarted}
{"logTime": "1129/131411", "correlationVector":"6Tv3oJULkoBUCl3wuMqJ4x","action":"Normal GetUpdate request", "result":"", "context":cV=6Tv3oJULkoBUCl3wuMqJ4x
Refresh requested types: Bookmarks, Preferences, Passwords, Autofill Profiles, Autofill, Typed URLs, Extensions, Sessions, Extension settings, History Delete Directives, Device Info, User Consents, Send Tab To Self, Web Apps, Collection, Edge E Drop, Edge Hub App Usage, Edge Tab Group, Edge Wallet, Encryption Keys}
{"logTime": "1129/131412", "correlationVector":"6Tv3oJULkoBUCl3wuMqJ4x.1","action":"SyncServerConnectionManagerRequest", "result":"SYNC_SERVER_OK", "context":{"environment":"Prod_WestEurope_x00e", "migrationStage":"NotStarted", "server":"GENERAL0200001E"}}
{"logTime": "1129/131412", "correlationVector":"6Tv3oJULkoBUCl3wuMqJ4x.2","action":"GetUpdates Response", "result":"Success", "context":Received 2 update(s). cV=6Tv3oJULkoBUCl3wuMqJ4x.0;server=GENERAL0200001E;cloudType=Consumer;environment=Prod_WestEurope_x00e;migrationStage=NotStarted}
