2024-11-26 19:36:46.944: [INFO][Sync] Reset engine, reason: 8
2024-11-26 19:36:46.944: [INFO][Sync] Stopped: Bookmarks
2024-11-26 19:36:46.944: [INFO][Sync] Stopped: Preferences
2024-11-26 19:36:46.944: [INFO][Sync] Stopped: Passwords
2024-11-26 19:36:46.944: [INFO][Sync] Stopped: Autofill Profiles
2024-11-26 19:36:46.944: [INFO][Sync] Stopped: Autofill
2024-11-26 19:36:46.944: [INFO][Sync] Stopped: Typed URLs
2024-11-26 19:36:46.944: [INFO][Sync] Stopped: Extensions
2024-11-26 19:36:46.944: [INFO][Sync] Stopped: Sessions
2024-11-26 19:36:46.944: [INFO][Sync] Stopped: Extension settings
2024-11-26 19:36:46.944: [INFO][Sync] Stopped: History Delete Directives
2024-11-26 19:36:46.944: [INFO][Sync] Stopped: Device Info
2024-11-26 19:36:46.944: [INFO][Sync] Stopped: User Consents
2024-11-26 19:36:46.944: [INFO][Sync] Stopped: Send Tab To Self
2024-11-26 19:36:46.944: [INFO][Sync] Stopped: Web Apps
2024-11-26 19:36:46.944: [INFO][Sync] Stopped: History
2024-11-26 19:36:46.944: [INFO][Sync] Stopped: Collection
2024-11-26 19:36:46.944: [INFO][Sync] Stopped: Edge E Drop
2024-11-26 19:36:46.945: [INFO][Sync] Stopped: Edge Hub App Usage
2024-11-26 19:36:46.945: [INFO][Sync] Stopped: Edge Tab Group
2024-11-26 19:36:46.945: [INFO][Sync] Stopped: Edge Wallet
2024-11-26 19:36:46.945: [INFO][Sync] SyncState after authenticated was: NotSignedIn
2024-11-26 19:36:47.938: [INFO][Sync] Reset engine, reason: 8
2024-11-26 19:36:47.938: [INFO][Sync] Stopped: Bookmarks
2024-11-26 19:36:47.938: [INFO][Sync] Stopped: Preferences
2024-11-26 19:36:47.938: [INFO][Sync] Stopped: Passwords
2024-11-26 19:36:47.938: [INFO][Sync] Stopped: Autofill Profiles
2024-11-26 19:36:47.938: [INFO][Sync] Stopped: Autofill
2024-11-26 19:36:47.938: [INFO][Sync] Stopped: Typed URLs
2024-11-26 19:36:47.938: [INFO][Sync] Stopped: Extensions
2024-11-26 19:36:47.938: [INFO][Sync] Stopped: Sessions
2024-11-26 19:36:47.938: [INFO][Sync] Stopped: Extension settings
2024-11-26 19:36:47.938: [INFO][Sync] Stopped: History Delete Directives
2024-11-26 19:36:47.938: [INFO][Sync] Stopped: Device Info
2024-11-26 19:36:47.938: [INFO][Sync] Stopped: User Consents
2024-11-26 19:36:47.938: [INFO][Sync] Stopped: Send Tab To Self
2024-11-26 19:36:47.938: [INFO][Sync] Stopped: Web Apps
2024-11-26 19:36:47.938: [INFO][Sync] Stopped: History
2024-11-26 19:36:47.938: [INFO][Sync] Stopped: Collection
2024-11-26 19:36:47.938: [INFO][Sync] Stopped: Edge E Drop
2024-11-26 19:36:47.938: [INFO][Sync] Stopped: Edge Hub App Usage
2024-11-26 19:36:47.938: [INFO][Sync] Stopped: Edge Tab Group
2024-11-26 19:36:47.938: [INFO][Sync] Stopped: Edge Wallet
2024-11-26 19:36:55.469: [INFO][Sync] Try to start sync engine
2024-11-26 19:36:55.502: [INFO][SyncManagerImpl::NudgeForInitialDownload] Initial download nudge for Encryption Keys
2024-11-26 19:36:55.502: [INFO][SyncEngineBackend::LoadAndConnectNigoriController] Load and connect Nigori controller
2024-11-26 19:36:55.502: [INFO][SyncEngineBackend::DoInitialize] Control Types added: Encryption Keys
2024-11-26 19:36:55.502: [INFO][SyncManagerImpl::ConfigureSyncer] Types to download: Encryption Keys with reason: 3
2024-11-26 19:36:55.502: [INFO][SyncSchedulerImpl::DoConfigurationSyncCycleJob] Configure job was blocked
2024-11-26 19:36:56.794: [INFO][SyncAuthManager::SetLastAuthError] Current auth error: None
2024-11-26 19:36:56.794: [INFO][SyncAuthManager::EdgeLogTokenErrorState] Token error with: None for account type: MSA
2024-11-26 19:36:56.794: [INFO][Sync] Credentials changed for: EdgeSyncScopeNew
2024-11-26 19:37:00.182: [INFO][SyncAuthManager::SetLastAuthError] Current auth error: None
2024-11-26 19:37:00.183: [INFO][SyncAuthManager::EdgeLogTokenErrorState] Token error with: None for account type: MSA
2024-11-26 19:37:00.183: [INFO][Sync] Credentials changed for: EdgeSyncKeyDataScope
2024-11-26 19:37:00.184: [INFO][SyncEngineBackend::DoUpdateKeyDataCredentials] Update key data credentials
2024-11-26 19:37:00.184: [INFO][SyncEngineBackend::DoUpdateCredentials] Update credentials
2024-11-26 19:37:00.184: [INFO][SyncSchedulerImpl::DoConfigurationSyncCycleJob] Blocked types:  and types to download: Encryption Keys
2024-11-26 19:37:00.559: [INFO][Sync] Started DataTypeManager configuration, reason: 4
2024-11-26 19:37:00.560: [INFO][Sync] Configuring for: Bookmarks, Preferences, Passwords, Autofill Profiles, Autofill, Typed URLs, Extensions, Sessions, Extension settings, History Delete Directives, Device Info, User Consents, Send Tab To Self, Web Apps, Collection, Edge E Drop, Edge Hub App Usage, Edge Tab Group, Edge Wallet, Encryption Keys, reason: 3, current state: 0
2024-11-26 19:37:00.565: [INFO][Sync] Configure, desired: Bookmarks, Preferences, Typed URLs, Extensions, Sessions, Extension settings, History Delete Directives, Device Info, User Consents, Send Tab To Self, Web Apps, Collection, Edge E Drop, Edge Hub App Usage, Edge Tab Group, Edge Wallet, Encryption Keys; Allow fail: Passwords, Autofill Profiles, Autofill
2024-11-26 19:37:00.565: [INFO][Sync] Loading: Bookmarks
2024-11-26 19:37:00.566: [INFO][Sync] Loading: Preferences
2024-11-26 19:37:00.566: [INFO][Sync] Loading: Typed URLs
2024-11-26 19:37:00.567: [INFO][Sync] Loading: Extensions
2024-11-26 19:37:00.567: [INFO][Sync] Loading: Sessions
2024-11-26 19:37:00.567: [INFO][Sync] Loading: Extension settings
2024-11-26 19:37:00.567: [INFO][Sync] Loading: History Delete Directives
2024-11-26 19:37:00.568: [INFO][Sync] Loading: Device Info
2024-11-26 19:37:00.569: [INFO][Sync] Loading: User Consents
2024-11-26 19:37:00.569: [INFO][Sync] Loading: Send Tab To Self
2024-11-26 19:37:00.569: [INFO][Sync] Loading: Web Apps
2024-11-26 19:37:00.570: [INFO][Sync] Loading: Collection
2024-11-26 19:37:00.570: [INFO][Sync] Loading: Edge E Drop
2024-11-26 19:37:00.570: [INFO][Sync] Loading: Edge Hub App Usage
2024-11-26 19:37:00.570: [INFO][Sync] Loading: Edge Tab Group
2024-11-26 19:37:00.570: [INFO][Sync] Loading: Edge Wallet
2024-11-26 19:37:00.590: [INFO][Sync] All data types are ready for configure.
2024-11-26 19:37:01.347: [INFO][Sync] Started DataTypeManager configuration, reason: 5
2024-11-26 19:37:01.347: [INFO][Sync] Configuring for: Bookmarks, Preferences, Passwords, Autofill Profiles, Autofill, Typed URLs, Extensions, Sessions, Extension settings, History Delete Directives, Device Info, User Consents, Send Tab To Self, Web Apps, Collection, Edge E Drop, Edge Hub App Usage, Edge Tab Group, Edge Wallet, Encryption Keys, reason: 5, current state: 1
2024-11-26 19:37:01.350: [INFO][SyncEngineBackend::DoStartConfiguration] Start configuration
2024-11-26 19:37:01.350: [INFO][SyncManagerImpl::NudgeForInitialDownload] Initial download nudge for Bookmarks
2024-11-26 19:37:01.350: [INFO][SyncManagerImpl::NudgeForInitialDownload] Initial download nudge for Preferences
2024-11-26 19:37:01.350: [INFO][SyncManagerImpl::NudgeForInitialDownload] Initial download nudge for Typed URLs
2024-11-26 19:37:01.350: [INFO][SyncManagerImpl::NudgeForInitialDownload] Initial download nudge for Extensions
2024-11-26 19:37:01.350: [INFO][SyncManagerImpl::NudgeForInitialDownload] Initial download nudge for Sessions
2024-11-26 19:37:01.351: [INFO][SyncManagerImpl::NudgeForInitialDownload] Initial download nudge for Extension settings
2024-11-26 19:37:01.351: [INFO][SyncManagerImpl::NudgeForInitialDownload] Initial download nudge for History Delete Directives
2024-11-26 19:37:01.351: [INFO][SyncManagerImpl::NudgeForInitialDownload] Initial download nudge for Device Info
2024-11-26 19:37:01.351: [INFO][SyncManagerImpl::NudgeForInitialDownload] Initial download nudge for Send Tab To Self
2024-11-26 19:37:01.351: [INFO][SyncManagerImpl::NudgeForInitialDownload] Initial download nudge for Web Apps
2024-11-26 19:37:01.351: [INFO][SyncManagerImpl::NudgeForInitialDownload] Initial download nudge for Collection
2024-11-26 19:37:01.351: [INFO][SyncManagerImpl::NudgeForInitialDownload] Initial download nudge for Edge E Drop
2024-11-26 19:37:01.351: [INFO][SyncManagerImpl::NudgeForInitialDownload] Initial download nudge for Edge Hub App Usage
2024-11-26 19:37:01.351: [INFO][SyncManagerImpl::NudgeForInitialDownload] Initial download nudge for Edge Tab Group
2024-11-26 19:37:01.351: [INFO][SyncManagerImpl::NudgeForInitialDownload] Initial download nudge for Edge Wallet
2024-11-26 19:37:01.351: [INFO][SyncManagerImpl::ConfigureSyncer] Types to download:  with reason: 3
2024-11-26 19:37:01.351: [INFO][SyncEngineBackend::DoFinishConfigureDataTypes] Failed to download types:  and succeeded types: 
2024-11-26 19:37:01.353: [INFO][Sync] ConfigurationDone, failed: , succeeded: , remaining count: 3
2024-11-26 19:37:01.353: [WARN][Sync]     Reconfigure requested while configuration ongoing.
2024-11-26 19:37:01.353: [INFO][Sync] Configuring for: Bookmarks, Preferences, Passwords, Autofill Profiles, Autofill, Typed URLs, Extensions, Sessions, Extension settings, History Delete Directives, Device Info, User Consents, Send Tab To Self, Web Apps, Collection, Edge E Drop, Edge Hub App Usage, Edge Tab Group, Edge Wallet, Encryption Keys, reason: 5, current state: 2
2024-11-26 19:37:01.353: [INFO][Sync] Configure, desired: Bookmarks, Preferences, Passwords, Autofill Profiles, Autofill, Typed URLs, Extensions, Sessions, Extension settings, History Delete Directives, Device Info, User Consents, Send Tab To Self, Web Apps, Collection, Edge E Drop, Edge Hub App Usage, Edge Tab Group, Edge Wallet, Encryption Keys; Allow fail: 
2024-11-26 19:37:01.354: [INFO][Sync] Loading: Passwords
2024-11-26 19:37:01.354: [INFO][Sync] Loading: Autofill Profiles
2024-11-26 19:37:01.354: [INFO][Sync] Loading: Autofill
2024-11-26 19:37:01.355: [INFO][Sync] All data types are ready for configure.
2024-11-26 19:37:01.355: [INFO][SyncManagerImpl::NudgeForInitialDownload] Initial download nudge for Passwords
2024-11-26 19:37:01.356: [INFO][SyncManagerImpl::NudgeForInitialDownload] Initial download nudge for Autofill Profiles
2024-11-26 19:37:01.356: [INFO][SyncManagerImpl::NudgeForInitialDownload] Initial download nudge for Autofill
2024-11-26 19:37:01.357: [INFO][SyncManagerImpl::ConfigureSyncer] Types to download:  with reason: 5
2024-11-26 19:37:01.357: [INFO][SyncEngineBackend::DoFinishConfigureDataTypes] Failed to download types:  and succeeded types: 
2024-11-26 19:37:01.363: [INFO][Sync] ConfigurationDone, failed: , succeeded: , remaining count: 3
2024-11-26 19:37:01.363: [INFO][Sync] Prepare to configure types: Preferences, Passwords, Device Info, Send Tab To Self, Edge E Drop, Encryption Keys
2024-11-26 19:37:01.363: [INFO][SyncManagerImpl::ConfigureSyncer] Types to download: Preferences, Passwords, Device Info, Send Tab To Self, Edge E Drop, Encryption Keys with reason: 5
2024-11-26 19:37:01.363: [INFO][SyncSchedulerImpl::DoConfigurationSyncCycleJob] Blocked types:  and types to download: Preferences, Passwords, Device Info, Send Tab To Self, Edge E Drop, Encryption Keys
2024-11-26 19:37:01.717: [INFO][SyncEngineBackend::DoFinishConfigureDataTypes] Failed to download types:  and succeeded types: Preferences, Passwords, Device Info, Send Tab To Self, Edge E Drop, Encryption Keys
2024-11-26 19:37:01.743: [INFO][Sync] ConfigurationDone, failed: , succeeded: Preferences, Passwords, Device Info, Send Tab To Self, Edge E Drop, Encryption Keys, remaining count: 2
2024-11-26 19:37:01.743: [INFO][Sync] Prepare to configure types: Bookmarks, Encryption Keys
2024-11-26 19:37:01.743: [INFO][SyncManagerImpl::ConfigureSyncer] Types to download: Bookmarks, Encryption Keys with reason: 5
2024-11-26 19:37:01.743: [INFO][SyncSchedulerImpl::DoConfigurationSyncCycleJob] Blocked types:  and types to download: Bookmarks, Encryption Keys
2024-11-26 19:37:01.895: [INFO][SyncEngineBackend::DoFinishConfigureDataTypes] Failed to download types:  and succeeded types: Bookmarks, Encryption Keys
2024-11-26 19:37:01.898: [INFO][Sync] ConfigurationDone, failed: , succeeded: Bookmarks, Encryption Keys, remaining count: 1
2024-11-26 19:37:01.899: [INFO][Sync] Prepare to configure types: Autofill Profiles, Autofill, Typed URLs, Extensions, Sessions, Extension settings, History Delete Directives, Web Apps, Collection, Edge Hub App Usage, Edge Tab Group, Edge Wallet, Encryption Keys
2024-11-26 19:37:01.899: [INFO][SyncManagerImpl::ConfigureSyncer] Types to download: Autofill Profiles, Autofill, Typed URLs, Extensions, Sessions, Extension settings, History Delete Directives, Web Apps, Collection, Edge Hub App Usage, Edge Tab Group, Edge Wallet, Encryption Keys with reason: 5
2024-11-26 19:37:01.900: [INFO][SyncSchedulerImpl::DoConfigurationSyncCycleJob] Blocked types:  and types to download: Autofill Profiles, Autofill, Typed URLs, Extensions, Sessions, Extension settings, History Delete Directives, Web Apps, Collection, Edge Hub App Usage, Edge Tab Group, Edge Wallet, Encryption Keys
2024-11-26 19:37:02.167: [INFO][SyncEngineBackend::DoFinishConfigureDataTypes] Failed to download types:  and succeeded types: Autofill Profiles, Autofill, Typed URLs, Extensions, Sessions, Extension settings, History Delete Directives, Web Apps, Collection, Edge Hub App Usage, Edge Tab Group, Edge Wallet, Encryption Keys
2024-11-26 19:37:02.172: [INFO][Sync] ConfigurationDone, failed: , succeeded: Autofill Profiles, Autofill, Typed URLs, Extensions, Sessions, Extension settings, History Delete Directives, Web Apps, Collection, Edge Hub App Usage, Edge Tab Group, Edge Wallet, Encryption Keys, remaining count: 0
2024-11-26 19:37:02.174: [INFO][Sync]     Configuration completed, state: 7
2024-11-26 19:37:02.178: [INFO][Sync] Configured DataTypeManager: Ok
2024-11-26 19:37:02.184: [INFO][SyncEngineBackend::DoStartSyncing] Start syncing
2024-11-26 20:04:11.586: [INFO][Sync] SyncState after authenticated was: FeatureCanStart
2024-11-26 20:04:16.422: [INFO][Sync] Try to start sync engine
2024-11-26 20:04:17.617: [INFO][SyncManagerImpl::NudgeForInitialDownload] Initial download nudge for Encryption Keys
2024-11-26 20:04:17.617: [INFO][SyncEngineBackend::LoadAndConnectNigoriController] Load and connect Nigori controller
2024-11-26 20:04:17.617: [INFO][SyncEngineBackend::DoInitialize] Control Types added: Encryption Keys
2024-11-26 20:04:17.617: [INFO][SyncManagerImpl::ConfigureSyncer] Types to download: Encryption Keys with reason: 3
2024-11-26 20:04:17.617: [INFO][SyncSchedulerImpl::DoConfigurationSyncCycleJob] Configure job was blocked
2024-11-26 20:04:20.592: [INFO][SyncAuthManager::SetLastAuthError] Current auth error: None
2024-11-26 20:04:20.592: [INFO][SyncAuthManager::EdgeLogTokenErrorState] Token error with: None for account type: MSA
2024-11-26 20:04:20.592: [INFO][Sync] Credentials changed for: EdgeSyncKeyDataScope
2024-11-26 20:04:20.592: [INFO][SyncEngineBackend::DoUpdateKeyDataCredentials] Update key data credentials
2024-11-26 20:04:20.924: [INFO][SyncAuthManager::SetLastAuthError] Current auth error: None
2024-11-26 20:04:20.924: [INFO][SyncAuthManager::EdgeLogTokenErrorState] Token error with: None for account type: MSA
2024-11-26 20:04:20.924: [INFO][Sync] Credentials changed for: EdgeSyncScopeNew
2024-11-26 20:04:20.924: [INFO][SyncEngineBackend::DoUpdateCredentials] Update credentials
2024-11-26 20:04:20.924: [INFO][SyncEngineBackend::DoUpdateKeyDataCredentials] Update key data credentials
2024-11-26 20:04:20.924: [INFO][SyncSchedulerImpl::DoConfigurationSyncCycleJob] Blocked types:  and types to download: Encryption Keys
2024-11-26 20:04:21.322: [INFO][Sync] Started DataTypeManager configuration, reason: 4
2024-11-26 20:04:21.322: [INFO][Sync] Configuring for: Bookmarks, Preferences, Passwords, Autofill Profiles, Autofill, Typed URLs, Extensions, Sessions, Extension settings, History Delete Directives, Device Info, User Consents, Send Tab To Self, Web Apps, Collection, Edge E Drop, Edge Hub App Usage, Edge Tab Group, Edge Wallet, Encryption Keys, reason: 4, current state: 0
2024-11-26 20:04:21.326: [INFO][Sync] Configure, desired: Bookmarks, Preferences, Typed URLs, Extensions, Sessions, Extension settings, History Delete Directives, Device Info, User Consents, Send Tab To Self, Web Apps, Collection, Edge E Drop, Edge Hub App Usage, Edge Tab Group, Edge Wallet, Encryption Keys; Allow fail: Passwords, Autofill Profiles, Autofill
2024-11-26 20:04:21.327: [INFO][Sync] Loading: Bookmarks
2024-11-26 20:04:21.328: [INFO][Sync] Loading: Preferences
2024-11-26 20:04:21.328: [INFO][Sync] Loading: Typed URLs
2024-11-26 20:04:21.328: [INFO][Sync] Loading: Extensions
2024-11-26 20:04:21.328: [INFO][Sync] Loading: Sessions
2024-11-26 20:04:21.328: [INFO][Sync] Loading: Extension settings
2024-11-26 20:04:21.328: [INFO][Sync] Loading: History Delete Directives
2024-11-26 20:04:21.328: [INFO][Sync] Loading: Device Info
2024-11-26 20:04:21.328: [INFO][Sync] Loading: User Consents
2024-11-26 20:04:21.328: [INFO][Sync] Loading: Send Tab To Self
2024-11-26 20:04:21.329: [INFO][Sync] Loading: Web Apps
2024-11-26 20:04:21.329: [INFO][Sync] Loading: Collection
2024-11-26 20:04:21.329: [INFO][Sync] Loading: Edge E Drop
2024-11-26 20:04:21.329: [INFO][Sync] Loading: Edge Hub App Usage
2024-11-26 20:04:21.329: [INFO][Sync] Loading: Edge Tab Group
2024-11-26 20:04:21.329: [INFO][Sync] Loading: Edge Wallet
2024-11-26 20:04:21.345: [INFO][Sync] All data types are ready for configure.
2024-11-26 20:04:22.006: [INFO][Sync] Started DataTypeManager configuration, reason: 5
2024-11-26 20:04:22.006: [INFO][Sync] Configuring for: Bookmarks, Preferences, Passwords, Autofill Profiles, Autofill, Typed URLs, Extensions, Sessions, Extension settings, History Delete Directives, Device Info, User Consents, Send Tab To Self, Web Apps, Collection, Edge E Drop, Edge Hub App Usage, Edge Tab Group, Edge Wallet, Encryption Keys, reason: 5, current state: 1
2024-11-26 20:04:22.011: [INFO][SyncEngineBackend::DoStartConfiguration] Start configuration
2024-11-26 20:04:22.013: [INFO][SyncManagerImpl::ConfigureSyncer] Types to download:  with reason: 4
2024-11-26 20:04:22.013: [INFO][SyncEngineBackend::DoFinishConfigureDataTypes] Failed to download types:  and succeeded types: 
2024-11-26 20:04:22.014: [INFO][Sync] ConfigurationDone, failed: , succeeded: , remaining count: 3
2024-11-26 20:04:22.014: [WARN][Sync]     Reconfigure requested while configuration ongoing.
2024-11-26 20:04:22.015: [INFO][Sync] Configuring for: Bookmarks, Preferences, Passwords, Autofill Profiles, Autofill, Typed URLs, Extensions, Sessions, Extension settings, History Delete Directives, Device Info, User Consents, Send Tab To Self, Web Apps, Collection, Edge E Drop, Edge Hub App Usage, Edge Tab Group, Edge Wallet, Encryption Keys, reason: 5, current state: 2
2024-11-26 20:04:22.015: [INFO][Sync] Configure, desired: Bookmarks, Preferences, Passwords, Autofill Profiles, Autofill, Typed URLs, Extensions, Sessions, Extension settings, History Delete Directives, Device Info, User Consents, Send Tab To Self, Web Apps, Collection, Edge E Drop, Edge Hub App Usage, Edge Tab Group, Edge Wallet, Encryption Keys; Allow fail: 
2024-11-26 20:04:22.015: [INFO][Sync] Loading: Passwords
2024-11-26 20:04:22.015: [INFO][Sync] Loading: Autofill Profiles
2024-11-26 20:04:22.015: [INFO][Sync] Loading: Autofill
2024-11-26 20:04:22.017: [INFO][Sync] All data types are ready for configure.
2024-11-26 20:04:22.018: [INFO][SyncManagerImpl::ConfigureSyncer] Types to download:  with reason: 5
2024-11-26 20:04:22.018: [INFO][SyncEngineBackend::DoFinishConfigureDataTypes] Failed to download types:  and succeeded types: 
2024-11-26 20:04:22.018: [INFO][Sync] ConfigurationDone, failed: , succeeded: , remaining count: 3
2024-11-26 20:04:22.018: [INFO][SyncManagerImpl::ConfigureSyncer] Types to download:  with reason: 5
2024-11-26 20:04:22.018: [INFO][SyncEngineBackend::DoFinishConfigureDataTypes] Failed to download types:  and succeeded types: 
2024-11-26 20:04:22.019: [INFO][Sync] ConfigurationDone, failed: , succeeded: , remaining count: 2
2024-11-26 20:04:22.019: [INFO][SyncManagerImpl::ConfigureSyncer] Types to download:  with reason: 5
2024-11-26 20:04:22.019: [INFO][SyncEngineBackend::DoFinishConfigureDataTypes] Failed to download types:  and succeeded types: 
2024-11-26 20:04:22.019: [INFO][Sync] ConfigurationDone, failed: , succeeded: , remaining count: 1
2024-11-26 20:04:22.021: [INFO][SyncManagerImpl::ConfigureSyncer] Types to download:  with reason: 5
2024-11-26 20:04:22.021: [INFO][SyncEngineBackend::DoFinishConfigureDataTypes] Failed to download types:  and succeeded types: 
2024-11-26 20:04:22.021: [INFO][Sync] ConfigurationDone, failed: , succeeded: , remaining count: 0
2024-11-26 20:04:22.023: [INFO][Sync]     Configuration completed, state: 7
2024-11-26 20:04:22.025: [INFO][Sync] Configured DataTypeManager: Ok
2024-11-26 20:04:22.029: [INFO][SyncEngineBackend::DoStartSyncing] Start syncing
2024-11-27 21:41:33.611: [INFO][Sync] SyncState after authenticated was: FeatureCanStart
2024-11-27 21:41:38.083: [INFO][Sync] Try to start sync engine
2024-11-27 21:41:38.104: [INFO][SyncManagerImpl::NudgeForInitialDownload] Initial download nudge for Encryption Keys
2024-11-27 21:41:38.105: [INFO][SyncEngineBackend::LoadAndConnectNigoriController] Load and connect Nigori controller
2024-11-27 21:41:38.105: [INFO][SyncEngineBackend::DoInitialize] Control Types added: Encryption Keys
2024-11-27 21:41:38.106: [INFO][SyncManagerImpl::ConfigureSyncer] Types to download: Encryption Keys with reason: 3
2024-11-27 21:41:38.107: [INFO][SyncSchedulerImpl::DoConfigurationSyncCycleJob] Configure job was blocked
2024-11-27 21:41:42.186: [INFO][SyncAuthManager::SetLastAuthError] Current auth error: None
2024-11-27 21:41:42.187: [INFO][SyncAuthManager::EdgeLogTokenErrorState] Token error with: None for account type: MSA
2024-11-27 21:41:42.205: [INFO][Sync] Credentials changed for: EdgeSyncKeyDataScope
2024-11-27 21:41:42.206: [INFO][SyncEngineBackend::DoUpdateKeyDataCredentials] Update key data credentials
2024-11-27 21:41:43.672: [INFO][SyncAuthManager::SetLastAuthError] Current auth error: None
2024-11-27 21:41:43.672: [INFO][SyncAuthManager::EdgeLogTokenErrorState] Token error with: None for account type: MSA
2024-11-27 21:41:43.672: [INFO][Sync] Credentials changed for: EdgeSyncScopeNew
2024-11-27 21:41:43.672: [INFO][SyncEngineBackend::DoUpdateCredentials] Update credentials
2024-11-27 21:41:43.672: [INFO][SyncEngineBackend::DoUpdateKeyDataCredentials] Update key data credentials
2024-11-27 21:41:43.672: [INFO][SyncSchedulerImpl::DoConfigurationSyncCycleJob] Blocked types:  and types to download: Encryption Keys
2024-11-27 21:41:43.996: [INFO][Sync] Started DataTypeManager configuration, reason: 4
2024-11-27 21:41:43.996: [INFO][Sync] Configuring for: Bookmarks, Preferences, Passwords, Autofill Profiles, Autofill, Typed URLs, Extensions, Sessions, Extension settings, History Delete Directives, Device Info, User Consents, Send Tab To Self, Web Apps, Collection, Edge E Drop, Edge Hub App Usage, Edge Tab Group, Edge Wallet, Encryption Keys, reason: 4, current state: 0
2024-11-27 21:41:43.999: [INFO][Sync] Configure, desired: Bookmarks, Preferences, Typed URLs, Extensions, Sessions, Extension settings, History Delete Directives, Device Info, User Consents, Send Tab To Self, Web Apps, Collection, Edge E Drop, Edge Hub App Usage, Edge Tab Group, Edge Wallet, Encryption Keys; Allow fail: Passwords, Autofill Profiles, Autofill
2024-11-27 21:41:43.999: [INFO][Sync] Loading: Bookmarks
2024-11-27 21:41:43.999: [INFO][Sync] Loading: Preferences
2024-11-27 21:41:43.999: [INFO][Sync] Loading: Typed URLs
2024-11-27 21:41:43.999: [INFO][Sync] Loading: Extensions
2024-11-27 21:41:44.000: [INFO][Sync] Loading: Sessions
2024-11-27 21:41:44.000: [INFO][Sync] Loading: Extension settings
2024-11-27 21:41:44.000: [INFO][Sync] Loading: History Delete Directives
2024-11-27 21:41:44.001: [INFO][Sync] Loading: Device Info
2024-11-27 21:41:44.001: [INFO][Sync] Loading: User Consents
2024-11-27 21:41:44.001: [INFO][Sync] Loading: Send Tab To Self
2024-11-27 21:41:44.001: [INFO][Sync] Loading: Web Apps
2024-11-27 21:41:44.001: [INFO][Sync] Loading: Collection
2024-11-27 21:41:44.001: [INFO][Sync] Loading: Edge E Drop
2024-11-27 21:41:44.001: [INFO][Sync] Loading: Edge Hub App Usage
2024-11-27 21:41:44.001: [INFO][Sync] Loading: Edge Tab Group
2024-11-27 21:41:44.001: [INFO][Sync] Loading: Edge Wallet
2024-11-27 21:41:44.010: [INFO][Sync] All data types are ready for configure.
2024-11-27 21:41:44.744: [INFO][Sync] Started DataTypeManager configuration, reason: 5
2024-11-27 21:41:44.744: [INFO][Sync] Configuring for: Bookmarks, Preferences, Passwords, Autofill Profiles, Autofill, Typed URLs, Extensions, Sessions, Extension settings, History Delete Directives, Device Info, User Consents, Send Tab To Self, Web Apps, Collection, Edge E Drop, Edge Hub App Usage, Edge Tab Group, Edge Wallet, Encryption Keys, reason: 5, current state: 1
2024-11-27 21:41:44.746: [INFO][SyncEngineBackend::DoStartConfiguration] Start configuration
2024-11-27 21:41:44.748: [INFO][SyncManagerImpl::ConfigureSyncer] Types to download:  with reason: 4
2024-11-27 21:41:44.748: [INFO][SyncEngineBackend::DoFinishConfigureDataTypes] Failed to download types:  and succeeded types: 
2024-11-27 21:41:44.753: [INFO][Sync] ConfigurationDone, failed: , succeeded: , remaining count: 3
2024-11-27 21:41:44.753: [WARN][Sync]     Reconfigure requested while configuration ongoing.
2024-11-27 21:41:44.753: [INFO][Sync] Configuring for: Bookmarks, Preferences, Passwords, Autofill Profiles, Autofill, Typed URLs, Extensions, Sessions, Extension settings, History Delete Directives, Device Info, User Consents, Send Tab To Self, Web Apps, Collection, Edge E Drop, Edge Hub App Usage, Edge Tab Group, Edge Wallet, Encryption Keys, reason: 5, current state: 2
2024-11-27 21:41:44.753: [INFO][Sync] Configure, desired: Bookmarks, Preferences, Passwords, Autofill Profiles, Autofill, Typed URLs, Extensions, Sessions, Extension settings, History Delete Directives, Device Info, User Consents, Send Tab To Self, Web Apps, Collection, Edge E Drop, Edge Hub App Usage, Edge Tab Group, Edge Wallet, Encryption Keys; Allow fail: 
2024-11-27 21:41:44.753: [INFO][Sync] Loading: Passwords
2024-11-27 21:41:44.753: [INFO][Sync] Loading: Autofill Profiles
2024-11-27 21:41:44.753: [INFO][Sync] Loading: Autofill
2024-11-27 21:41:44.754: [INFO][Sync] All data types are ready for configure.
2024-11-27 21:41:44.754: [INFO][SyncManagerImpl::ConfigureSyncer] Types to download:  with reason: 5
2024-11-27 21:41:44.754: [INFO][SyncEngineBackend::DoFinishConfigureDataTypes] Failed to download types:  and succeeded types: 
2024-11-27 21:41:44.754: [INFO][Sync] ConfigurationDone, failed: , succeeded: , remaining count: 3
2024-11-27 21:41:44.754: [INFO][SyncManagerImpl::ConfigureSyncer] Types to download:  with reason: 5
2024-11-27 21:41:44.754: [INFO][SyncEngineBackend::DoFinishConfigureDataTypes] Failed to download types:  and succeeded types: 
2024-11-27 21:41:44.754: [INFO][Sync] ConfigurationDone, failed: , succeeded: , remaining count: 2
2024-11-27 21:41:44.755: [INFO][SyncManagerImpl::ConfigureSyncer] Types to download:  with reason: 5
2024-11-27 21:41:44.755: [INFO][SyncEngineBackend::DoFinishConfigureDataTypes] Failed to download types:  and succeeded types: 
2024-11-27 21:41:44.756: [INFO][Sync] ConfigurationDone, failed: , succeeded: , remaining count: 1
2024-11-27 21:41:44.759: [INFO][SyncManagerImpl::ConfigureSyncer] Types to download:  with reason: 5
2024-11-27 21:41:44.759: [INFO][SyncEngineBackend::DoFinishConfigureDataTypes] Failed to download types:  and succeeded types: 
2024-11-27 21:41:44.759: [INFO][Sync] ConfigurationDone, failed: , succeeded: , remaining count: 0
2024-11-27 21:41:44.760: [INFO][Sync]     Configuration completed, state: 7
2024-11-27 21:41:44.761: [INFO][Sync] Configured DataTypeManager: Ok
2024-11-27 21:41:44.765: [INFO][SyncEngineBackend::DoStartSyncing] Start syncing
2024-11-27 21:42:31.340: [INFO][Sync] Reset engine, reason: 0
2024-11-27 21:42:31.340: [INFO][Sync] Reset engine with reason: 0
2024-11-27 21:45:55.292: [INFO][Sync] SyncState after authenticated was: FeatureCanStart
2024-11-27 21:46:00.741: [INFO][Sync] Try to start sync engine
2024-11-27 21:46:00.759: [INFO][SyncManagerImpl::NudgeForInitialDownload] Initial download nudge for Encryption Keys
2024-11-27 21:46:00.760: [INFO][SyncEngineBackend::LoadAndConnectNigoriController] Load and connect Nigori controller
2024-11-27 21:46:00.760: [INFO][SyncEngineBackend::DoInitialize] Control Types added: Encryption Keys
2024-11-27 21:46:00.760: [INFO][SyncManagerImpl::ConfigureSyncer] Types to download: Encryption Keys with reason: 3
2024-11-27 21:46:00.761: [INFO][SyncSchedulerImpl::DoConfigurationSyncCycleJob] Configure job was blocked
2024-11-27 21:46:05.263: [INFO][SyncAuthManager::SetLastAuthError] Current auth error: None
2024-11-27 21:46:05.264: [INFO][SyncAuthManager::EdgeLogTokenErrorState] Token error with: None for account type: MSA
2024-11-27 21:46:05.265: [INFO][Sync] Credentials changed for: EdgeSyncKeyDataScope
2024-11-27 21:46:05.265: [INFO][SyncEngineBackend::DoUpdateKeyDataCredentials] Update key data credentials
2024-11-27 21:46:05.291: [INFO][SyncAuthManager::SetLastAuthError] Current auth error: None
2024-11-27 21:46:05.291: [INFO][SyncAuthManager::EdgeLogTokenErrorState] Token error with: None for account type: MSA
2024-11-27 21:46:05.291: [INFO][Sync] Credentials changed for: EdgeSyncScopeNew
2024-11-27 21:46:05.291: [INFO][SyncEngineBackend::DoUpdateCredentials] Update credentials
2024-11-27 21:46:05.291: [INFO][SyncEngineBackend::DoUpdateKeyDataCredentials] Update key data credentials
2024-11-27 21:46:05.291: [INFO][SyncSchedulerImpl::DoConfigurationSyncCycleJob] Blocked types:  and types to download: Encryption Keys
2024-11-27 21:46:05.747: [INFO][Sync] Started DataTypeManager configuration, reason: 4
2024-11-27 21:46:05.748: [INFO][Sync] Configuring for: Bookmarks, Preferences, Passwords, Autofill Profiles, Autofill, Typed URLs, Extensions, Sessions, Extension settings, History Delete Directives, Device Info, User Consents, Send Tab To Self, Web Apps, Collection, Edge E Drop, Edge Hub App Usage, Edge Tab Group, Edge Wallet, Encryption Keys, reason: 4, current state: 0
2024-11-27 21:46:05.753: [INFO][Sync] Configure, desired: Bookmarks, Preferences, Typed URLs, Extensions, Sessions, Extension settings, History Delete Directives, Device Info, User Consents, Send Tab To Self, Web Apps, Collection, Edge E Drop, Edge Hub App Usage, Edge Tab Group, Edge Wallet, Encryption Keys; Allow fail: Passwords, Autofill Profiles, Autofill
2024-11-27 21:46:05.754: [INFO][Sync] Loading: Bookmarks
2024-11-27 21:46:05.755: [INFO][Sync] Loading: Preferences
2024-11-27 21:46:05.755: [INFO][Sync] Loading: Typed URLs
2024-11-27 21:46:05.755: [INFO][Sync] Loading: Extensions
2024-11-27 21:46:05.756: [INFO][Sync] Loading: Sessions
2024-11-27 21:46:05.756: [INFO][Sync] Loading: Extension settings
2024-11-27 21:46:05.756: [INFO][Sync] Loading: History Delete Directives
2024-11-27 21:46:05.757: [INFO][Sync] Loading: Device Info
2024-11-27 21:46:05.757: [INFO][Sync] Loading: User Consents
2024-11-27 21:46:05.757: [INFO][Sync] Loading: Send Tab To Self
2024-11-27 21:46:05.757: [INFO][Sync] Loading: Web Apps
2024-11-27 21:46:05.757: [INFO][Sync] Loading: Collection
2024-11-27 21:46:05.757: [INFO][Sync] Loading: Edge E Drop
2024-11-27 21:46:05.757: [INFO][Sync] Loading: Edge Hub App Usage
2024-11-27 21:46:05.757: [INFO][Sync] Loading: Edge Tab Group
2024-11-27 21:46:05.757: [INFO][Sync] Loading: Edge Wallet
2024-11-27 21:46:05.777: [INFO][Sync] All data types are ready for configure.
2024-11-27 21:46:06.318: [INFO][Sync] Started DataTypeManager configuration, reason: 5
2024-11-27 21:46:06.318: [INFO][Sync] Configuring for: Bookmarks, Preferences, Passwords, Autofill Profiles, Autofill, Typed URLs, Extensions, Sessions, Extension settings, History Delete Directives, Device Info, User Consents, Send Tab To Self, Web Apps, Collection, Edge E Drop, Edge Hub App Usage, Edge Tab Group, Edge Wallet, Encryption Keys, reason: 5, current state: 1
2024-11-27 21:46:06.321: [INFO][SyncEngineBackend::DoStartConfiguration] Start configuration
2024-11-27 21:46:06.322: [INFO][SyncManagerImpl::ConfigureSyncer] Types to download:  with reason: 4
2024-11-27 21:46:06.322: [INFO][SyncEngineBackend::DoFinishConfigureDataTypes] Failed to download types:  and succeeded types: 
2024-11-27 21:46:06.322: [INFO][Sync] ConfigurationDone, failed: , succeeded: , remaining count: 3
2024-11-27 21:46:06.322: [WARN][Sync]     Reconfigure requested while configuration ongoing.
2024-11-27 21:46:06.322: [INFO][Sync] Configuring for: Bookmarks, Preferences, Passwords, Autofill Profiles, Autofill, Typed URLs, Extensions, Sessions, Extension settings, History Delete Directives, Device Info, User Consents, Send Tab To Self, Web Apps, Collection, Edge E Drop, Edge Hub App Usage, Edge Tab Group, Edge Wallet, Encryption Keys, reason: 5, current state: 2
2024-11-27 21:46:06.322: [INFO][Sync] Configure, desired: Bookmarks, Preferences, Passwords, Autofill Profiles, Autofill, Typed URLs, Extensions, Sessions, Extension settings, History Delete Directives, Device Info, User Consents, Send Tab To Self, Web Apps, Collection, Edge E Drop, Edge Hub App Usage, Edge Tab Group, Edge Wallet, Encryption Keys; Allow fail: 
2024-11-27 21:46:06.323: [INFO][Sync] Loading: Passwords
2024-11-27 21:46:06.323: [INFO][Sync] Loading: Autofill Profiles
2024-11-27 21:46:06.323: [INFO][Sync] Loading: Autofill
2024-11-27 21:46:06.323: [INFO][Sync] All data types are ready for configure.
2024-11-27 21:46:06.324: [INFO][SyncManagerImpl::ConfigureSyncer] Types to download:  with reason: 5
2024-11-27 21:46:06.324: [INFO][SyncEngineBackend::DoFinishConfigureDataTypes] Failed to download types:  and succeeded types: 
2024-11-27 21:46:06.324: [INFO][Sync] ConfigurationDone, failed: , succeeded: , remaining count: 3
2024-11-27 21:46:06.324: [INFO][SyncManagerImpl::ConfigureSyncer] Types to download:  with reason: 5
2024-11-27 21:46:06.324: [INFO][SyncEngineBackend::DoFinishConfigureDataTypes] Failed to download types:  and succeeded types: 
2024-11-27 21:46:06.324: [INFO][Sync] ConfigurationDone, failed: , succeeded: , remaining count: 2
2024-11-27 21:46:06.325: [INFO][SyncManagerImpl::ConfigureSyncer] Types to download:  with reason: 5
2024-11-27 21:46:06.325: [INFO][SyncEngineBackend::DoFinishConfigureDataTypes] Failed to download types:  and succeeded types: 
2024-11-27 21:46:06.325: [INFO][Sync] ConfigurationDone, failed: , succeeded: , remaining count: 1
2024-11-27 21:46:06.327: [INFO][SyncManagerImpl::ConfigureSyncer] Types to download:  with reason: 5
2024-11-27 21:46:06.327: [INFO][SyncEngineBackend::DoFinishConfigureDataTypes] Failed to download types:  and succeeded types: 
2024-11-27 21:46:06.329: [INFO][Sync] ConfigurationDone, failed: , succeeded: , remaining count: 0
2024-11-27 21:46:06.330: [INFO][Sync]     Configuration completed, state: 7
2024-11-27 21:46:06.338: [INFO][Sync] Configured DataTypeManager: Ok
2024-11-27 21:46:06.339: [INFO][SyncEngineBackend::DoStartSyncing] Start syncing
2024-11-27 21:46:40.304: [INFO][Sync] Reset engine, reason: 0
2024-11-27 21:46:40.304: [INFO][Sync] Reset engine with reason: 0
2024-11-29 13:09:07.747: [INFO][Sync] SyncState after authenticated was: FeatureCanStart
2024-11-29 13:09:10.979: [INFO][Sync] Try to start sync engine
2024-11-29 13:09:10.995: [INFO][SyncManagerImpl::NudgeForInitialDownload] Initial download nudge for Encryption Keys
2024-11-29 13:09:10.995: [INFO][SyncEngineBackend::LoadAndConnectNigoriController] Load and connect Nigori controller
2024-11-29 13:09:10.995: [INFO][SyncEngineBackend::DoInitialize] Control Types added: Encryption Keys
2024-11-29 13:09:10.995: [INFO][SyncManagerImpl::ConfigureSyncer] Types to download: Encryption Keys with reason: 3
2024-11-29 13:09:10.996: [INFO][SyncSchedulerImpl::DoConfigurationSyncCycleJob] Configure job was blocked
2024-11-29 13:09:12.285: [INFO][SyncAuthManager::SetLastAuthError] Current auth error: None
2024-11-29 13:09:12.285: [INFO][SyncAuthManager::EdgeLogTokenErrorState] Token error with: None for account type: MSA
2024-11-29 13:09:12.286: [INFO][Sync] Credentials changed for: EdgeSyncKeyDataScope
2024-11-29 13:09:12.287: [INFO][SyncEngineBackend::DoUpdateKeyDataCredentials] Update key data credentials
2024-11-29 13:09:12.504: [INFO][SyncAuthManager::SetLastAuthError] Current auth error: None
2024-11-29 13:09:12.504: [INFO][SyncAuthManager::EdgeLogTokenErrorState] Token error with: None for account type: MSA
2024-11-29 13:09:12.504: [INFO][Sync] Credentials changed for: EdgeSyncScopeNew
2024-11-29 13:09:12.505: [INFO][SyncEngineBackend::DoUpdateCredentials] Update credentials
2024-11-29 13:09:12.505: [INFO][SyncEngineBackend::DoUpdateKeyDataCredentials] Update key data credentials
2024-11-29 13:09:12.505: [INFO][SyncSchedulerImpl::DoConfigurationSyncCycleJob] Blocked types:  and types to download: Encryption Keys
2024-11-29 13:09:13.094: [INFO][Sync] Started DataTypeManager configuration, reason: 4
2024-11-29 13:09:13.094: [INFO][Sync] Configuring for: Bookmarks, Preferences, Passwords, Autofill Profiles, Autofill, Typed URLs, Extensions, Sessions, Extension settings, History Delete Directives, Device Info, User Consents, Send Tab To Self, Web Apps, Collection, Edge E Drop, Edge Hub App Usage, Edge Tab Group, Edge Wallet, Encryption Keys, reason: 4, current state: 0
2024-11-29 13:09:13.099: [INFO][Sync] Configure, desired: Bookmarks, Preferences, Typed URLs, Extensions, Sessions, Extension settings, History Delete Directives, Device Info, User Consents, Send Tab To Self, Web Apps, Collection, Edge E Drop, Edge Hub App Usage, Edge Tab Group, Edge Wallet, Encryption Keys; Allow fail: Passwords, Autofill Profiles, Autofill
2024-11-29 13:09:13.099: [INFO][Sync] Loading: Bookmarks
2024-11-29 13:09:13.100: [INFO][Sync] Loading: Preferences
2024-11-29 13:09:13.100: [INFO][Sync] Loading: Typed URLs
2024-11-29 13:09:13.100: [INFO][Sync] Loading: Extensions
2024-11-29 13:09:13.101: [INFO][Sync] Loading: Sessions
2024-11-29 13:09:13.101: [INFO][Sync] Loading: Extension settings
2024-11-29 13:09:13.101: [INFO][Sync] Loading: History Delete Directives
2024-11-29 13:09:13.102: [INFO][Sync] Loading: Device Info
2024-11-29 13:09:13.102: [INFO][Sync] Loading: User Consents
2024-11-29 13:09:13.102: [INFO][Sync] Loading: Send Tab To Self
2024-11-29 13:09:13.102: [INFO][Sync] Loading: Web Apps
2024-11-29 13:09:13.102: [INFO][Sync] Loading: Collection
2024-11-29 13:09:13.102: [INFO][Sync] Loading: Edge E Drop
2024-11-29 13:09:13.102: [INFO][Sync] Loading: Edge Hub App Usage
2024-11-29 13:09:13.103: [INFO][Sync] Loading: Edge Tab Group
2024-11-29 13:09:13.103: [INFO][Sync] Loading: Edge Wallet
2024-11-29 13:09:13.120: [INFO][Sync] All data types are ready for configure.
2024-11-29 13:09:14.031: [INFO][Sync] Started DataTypeManager configuration, reason: 5
2024-11-29 13:09:14.031: [INFO][Sync] Configuring for: Bookmarks, Preferences, Passwords, Autofill Profiles, Autofill, Typed URLs, Extensions, Sessions, Extension settings, History Delete Directives, Device Info, User Consents, Send Tab To Self, Web Apps, Collection, Edge E Drop, Edge Hub App Usage, Edge Tab Group, Edge Wallet, Encryption Keys, reason: 5, current state: 1
2024-11-29 13:09:14.034: [INFO][SyncEngineBackend::DoStartConfiguration] Start configuration
2024-11-29 13:09:14.035: [INFO][SyncManagerImpl::ConfigureSyncer] Types to download:  with reason: 4
2024-11-29 13:09:14.035: [INFO][SyncEngineBackend::DoFinishConfigureDataTypes] Failed to download types:  and succeeded types: 
2024-11-29 13:09:14.035: [INFO][Sync] ConfigurationDone, failed: , succeeded: , remaining count: 3
2024-11-29 13:09:14.035: [WARN][Sync]     Reconfigure requested while configuration ongoing.
2024-11-29 13:09:14.035: [INFO][Sync] Configuring for: Bookmarks, Preferences, Passwords, Autofill Profiles, Autofill, Typed URLs, Extensions, Sessions, Extension settings, History Delete Directives, Device Info, User Consents, Send Tab To Self, Web Apps, Collection, Edge E Drop, Edge Hub App Usage, Edge Tab Group, Edge Wallet, Encryption Keys, reason: 5, current state: 2
2024-11-29 13:09:14.035: [INFO][Sync] Configure, desired: Bookmarks, Preferences, Passwords, Autofill Profiles, Autofill, Typed URLs, Extensions, Sessions, Extension settings, History Delete Directives, Device Info, User Consents, Send Tab To Self, Web Apps, Collection, Edge E Drop, Edge Hub App Usage, Edge Tab Group, Edge Wallet, Encryption Keys; Allow fail: 
2024-11-29 13:09:14.036: [INFO][Sync] Loading: Passwords
2024-11-29 13:09:14.036: [INFO][Sync] Loading: Autofill Profiles
2024-11-29 13:09:14.036: [INFO][Sync] Loading: Autofill
2024-11-29 13:09:14.036: [INFO][Sync] All data types are ready for configure.
2024-11-29 13:09:14.037: [INFO][SyncManagerImpl::ConfigureSyncer] Types to download:  with reason: 5
2024-11-29 13:09:14.037: [INFO][SyncEngineBackend::DoFinishConfigureDataTypes] Failed to download types:  and succeeded types: 
2024-11-29 13:09:14.037: [INFO][Sync] ConfigurationDone, failed: , succeeded: , remaining count: 3
2024-11-29 13:09:14.037: [INFO][SyncManagerImpl::ConfigureSyncer] Types to download:  with reason: 5
2024-11-29 13:09:14.037: [INFO][SyncEngineBackend::DoFinishConfigureDataTypes] Failed to download types:  and succeeded types: 
2024-11-29 13:09:14.037: [INFO][Sync] ConfigurationDone, failed: , succeeded: , remaining count: 2
2024-11-29 13:09:14.038: [INFO][SyncManagerImpl::ConfigureSyncer] Types to download:  with reason: 5
2024-11-29 13:09:14.038: [INFO][SyncEngineBackend::DoFinishConfigureDataTypes] Failed to download types:  and succeeded types: 
2024-11-29 13:09:14.038: [INFO][Sync] ConfigurationDone, failed: , succeeded: , remaining count: 1
2024-11-29 13:09:14.040: [INFO][SyncManagerImpl::ConfigureSyncer] Types to download:  with reason: 5
2024-11-29 13:09:14.040: [INFO][SyncEngineBackend::DoFinishConfigureDataTypes] Failed to download types:  and succeeded types: 
2024-11-29 13:09:14.040: [INFO][Sync] ConfigurationDone, failed: , succeeded: , remaining count: 0
2024-11-29 13:09:14.043: [INFO][Sync]     Configuration completed, state: 7
2024-11-29 13:09:14.045: [INFO][Sync] Configured DataTypeManager: Ok
2024-11-29 13:09:14.047: [INFO][SyncEngineBackend::DoStartSyncing] Start syncing
